{"C:\\Users\\norbe\\OneDrive\\Escritorio\\alquieler\\BankendAlquilerAutos\\src\\controllers\\RequestCallConstrollers.js": {"path":"C:\\Users\\norbe\\OneDrive\\Escritorio\\alquieler\\BankendAlquilerAutos\\src\\controllers\\RequestCallConstrollers.js","statementMap":{"0":{"start":{"line":1,"column":21},"end":{"line":1,"column":49}},"1":{"start":{"line":2,"column":25},"end":{"line":2,"column":65}},"2":{"start":{"line":3,"column":30},"end":{"line":3,"column":76}},"3":{"start":{"line":8,"column":50},"end":{"line":8,"column":58}},"4":{"start":{"line":10,"column":4},"end":{"line":32,"column":5}},"5":{"start":{"line":12,"column":31},"end":{"line":17,"column":10}},"6":{"start":{"line":20,"column":23},"end":{"line":20,"column":84}},"7":{"start":{"line":22,"column":8},"end":{"line":25,"column":11}},"8":{"start":{"line":27,"column":8},"end":{"line":27,"column":39}},"9":{"start":{"line":28,"column":8},"end":{"line":31,"column":11}},"10":{"start":{"line":39,"column":4},"end":{"line":57,"column":5}},"11":{"start":{"line":40,"column":23},"end":{"line":40,"column":71}},"12":{"start":{"line":41,"column":8},"end":{"line":41,"column":30}},"13":{"start":{"line":42,"column":8},"end":{"line":42,"column":50}},"14":{"start":{"line":43,"column":8},"end":{"line":43,"column":33}},"15":{"start":{"line":45,"column":8},"end":{"line":47,"column":10}},"16":{"start":{"line":49,"column":8},"end":{"line":49,"column":36}},"17":{"start":{"line":50,"column":8},"end":{"line":50,"column":30}},"18":{"start":{"line":51,"column":8},"end":{"line":51,"column":45}},"19":{"start":{"line":52,"column":8},"end":{"line":52,"column":32}},"20":{"start":{"line":54,"column":8},"end":{"line":56,"column":10}},"21":{"start":{"line":61,"column":15},"end":{"line":61,"column":31}},"22":{"start":{"line":62,"column":4},"end":{"line":79,"column":5}},"23":{"start":{"line":63,"column":8},"end":{"line":63,"column":51}},"24":{"start":{"line":64,"column":8},"end":{"line":64,"column":30}},"25":{"start":{"line":65,"column":8},"end":{"line":65,"column":50}},"26":{"start":{"line":67,"column":8},"end":{"line":69,"column":10}},"27":{"start":{"line":71,"column":8},"end":{"line":71,"column":36}},"28":{"start":{"line":72,"column":8},"end":{"line":72,"column":30}},"29":{"start":{"line":73,"column":8},"end":{"line":73,"column":45}},"30":{"start":{"line":74,"column":8},"end":{"line":74,"column":32}},"31":{"start":{"line":76,"column":8},"end":{"line":78,"column":10}},"32":{"start":{"line":83,"column":18},"end":{"line":83,"column":37}},"33":{"start":{"line":84,"column":4},"end":{"line":107,"column":5}},"34":{"start":{"line":85,"column":23},"end":{"line":85,"column":80}},"35":{"start":{"line":86,"column":8},"end":{"line":93,"column":9}},"36":{"start":{"line":87,"column":12},"end":{"line":87,"column":34}},"37":{"start":{"line":88,"column":12},"end":{"line":88,"column":57}},"38":{"start":{"line":89,"column":12},"end":{"line":89,"column":37}},"39":{"start":{"line":91,"column":12},"end":{"line":91,"column":34}},"40":{"start":{"line":92,"column":12},"end":{"line":92,"column":61}},"41":{"start":{"line":95,"column":8},"end":{"line":97,"column":10}},"42":{"start":{"line":99,"column":8},"end":{"line":99,"column":36}},"43":{"start":{"line":100,"column":8},"end":{"line":100,"column":30}},"44":{"start":{"line":101,"column":8},"end":{"line":101,"column":45}},"45":{"start":{"line":102,"column":8},"end":{"line":102,"column":32}},"46":{"start":{"line":104,"column":8},"end":{"line":106,"column":10}},"47":{"start":{"line":110,"column":0},"end":{"line":115,"column":1}}},"fnMap":{"0":{"name":"RegistroRequestCall","decl":{"start":{"line":7,"column":15},"end":{"line":7,"column":34}},"loc":{"start":{"line":7,"column":45},"end":{"line":33,"column":1}},"line":7},"1":{"name":"ListRequestCall","decl":{"start":{"line":38,"column":15},"end":{"line":38,"column":30}},"loc":{"start":{"line":38,"column":41},"end":{"line":58,"column":1}},"line":38},"2":{"name":"EliminarRequestCall","decl":{"start":{"line":60,"column":15},"end":{"line":60,"column":34}},"loc":{"start":{"line":60,"column":45},"end":{"line":80,"column":1}},"line":60},"3":{"name":"BuscarByEmailRequestCall","decl":{"start":{"line":82,"column":15},"end":{"line":82,"column":39}},"loc":{"start":{"line":82,"column":50},"end":{"line":108,"column":1}},"line":82}},"branchMap":{"0":{"loc":{"start":{"line":86,"column":8},"end":{"line":93,"column":9}},"type":"if","locations":[{"start":{"line":86,"column":8},"end":{"line":93,"column":9}},{"start":{"line":90,"column":15},"end":{"line":93,"column":9}}],"line":86}},"s":{"0":1,"1":1,"2":1,"3":1,"4":1,"5":1,"6":1,"7":1,"8":0,"9":0,"10":1,"11":1,"12":1,"13":1,"14":1,"15":1,"16":0,"17":0,"18":0,"19":0,"20":0,"21":1,"22":1,"23":1,"24":1,"25":1,"26":1,"27":0,"28":0,"29":0,"30":0,"31":0,"32":2,"33":2,"34":2,"35":2,"36":1,"37":1,"38":1,"39":1,"40":1,"41":2,"42":0,"43":0,"44":0,"45":0,"46":0,"47":1},"f":{"0":1,"1":1,"2":1,"3":2},"b":{"0":[1,1]},"_coverageSchema":"1a1c01bbd47fc00a2c39e90264f33305004495a9","hash":"11454897ad51fbe1d9604386ac69259551de9739"}
,"C:\\Users\\norbe\\OneDrive\\Escritorio\\alquieler\\BankendAlquilerAutos\\src\\models\\RegistroRequestCall.js": {"path":"C:\\Users\\norbe\\OneDrive\\Escritorio\\alquieler\\BankendAlquilerAutos\\src\\models\\RegistroRequestCall.js","statementMap":{"0":{"start":{"line":1,"column":17},"end":{"line":1,"column":36}},"1":{"start":{"line":2,"column":15},"end":{"line":2,"column":30}},"2":{"start":{"line":4,"column":26},"end":{"line":22,"column":24}},"3":{"start":{"line":24,"column":0},"end":{"line":24,"column":77}}},"fnMap":{},"branchMap":{},"s":{"0":1,"1":1,"2":1,"3":1},"f":{},"b":{},"_coverageSchema":"1a1c01bbd47fc00a2c39e90264f33305004495a9","hash":"5905627f4a4daa6b8bc238321827a27cc8c87b92"}
,"C:\\Users\\norbe\\OneDrive\\Escritorio\\alquieler\\BankendAlquilerAutos\\src\\repository\\RequestCallRepository.js": {"path":"C:\\Users\\norbe\\OneDrive\\Escritorio\\alquieler\\BankendAlquilerAutos\\src\\repository\\RequestCallRepository.js","statementMap":{"0":{"start":{"line":1,"column":25},"end":{"line":1,"column":65}},"1":{"start":{"line":3,"column":0},"end":{"line":9,"column":2}},"2":{"start":{"line":4,"column":4},"end":{"line":8,"column":5}},"3":{"start":{"line":5,"column":8},"end":{"line":5,"column":40}},"4":{"start":{"line":7,"column":8},"end":{"line":7,"column":74}},"5":{"start":{"line":11,"column":0},"end":{"line":17,"column":2}},"6":{"start":{"line":12,"column":4},"end":{"line":16,"column":5}},"7":{"start":{"line":13,"column":8},"end":{"line":13,"column":45}},"8":{"start":{"line":15,"column":8},"end":{"line":15,"column":74}},"9":{"start":{"line":19,"column":0},"end":{"line":25,"column":2}},"10":{"start":{"line":20,"column":4},"end":{"line":24,"column":5}},"11":{"start":{"line":21,"column":8},"end":{"line":21,"column":64}},"12":{"start":{"line":23,"column":8},"end":{"line":23,"column":74}},"13":{"start":{"line":27,"column":0},"end":{"line":33,"column":2}},"14":{"start":{"line":28,"column":4},"end":{"line":32,"column":5}},"15":{"start":{"line":29,"column":8},"end":{"line":29,"column":69}},"16":{"start":{"line":31,"column":8},"end":{"line":31,"column":74}}},"fnMap":{"0":{"name":"(anonymous_0)","decl":{"start":{"line":3,"column":35},"end":{"line":3,"column":36}},"loc":{"start":{"line":3,"column":58},"end":{"line":9,"column":1}},"line":3},"1":{"name":"(anonymous_1)","decl":{"start":{"line":11,"column":36},"end":{"line":11,"column":37}},"loc":{"start":{"line":11,"column":48},"end":{"line":17,"column":1}},"line":11},"2":{"name":"(anonymous_2)","decl":{"start":{"line":19,"column":40},"end":{"line":19,"column":41}},"loc":{"start":{"line":19,"column":57},"end":{"line":25,"column":1}},"line":19},"3":{"name":"(anonymous_3)","decl":{"start":{"line":27,"column":28},"end":{"line":27,"column":29}},"loc":{"start":{"line":27,"column":42},"end":{"line":33,"column":1}},"line":27}},"branchMap":{},"s":{"0":1,"1":1,"2":0,"3":0,"4":0,"5":1,"6":0,"7":0,"8":0,"9":1,"10":0,"11":0,"12":0,"13":1,"14":0,"15":0,"16":0},"f":{"0":0,"1":0,"2":0,"3":0},"b":{},"_coverageSchema":"1a1c01bbd47fc00a2c39e90264f33305004495a9","hash":"a2322fa9278a8409a1a3ffa561000774bb04ce3d"}
,"C:\\Users\\norbe\\OneDrive\\Escritorio\\alquieler\\BankendAlquilerAutos\\src\\test\\mocks\\mocks.js": {"path":"C:\\Users\\norbe\\OneDrive\\Escritorio\\alquieler\\BankendAlquilerAutos\\src\\test\\mocks\\mocks.js","statementMap":{"0":{"start":{"line":1,"column":0},"end":{"line":16,"column":2}},"1":{"start":{"line":3,"column":18},"end":{"line":3,"column":20}},"2":{"start":{"line":4,"column":6},"end":{"line":4,"column":53}},"3":{"start":{"line":5,"column":6},"end":{"line":5,"column":57}},"4":{"start":{"line":6,"column":6},"end":{"line":6,"column":17}},"5":{"start":{"line":10,"column":18},"end":{"line":10,"column":20}},"6":{"start":{"line":11,"column":6},"end":{"line":11,"column":48}},"7":{"start":{"line":12,"column":6},"end":{"line":12,"column":50}},"8":{"start":{"line":13,"column":6},"end":{"line":13,"column":48}},"9":{"start":{"line":14,"column":6},"end":{"line":14,"column":17}}},"fnMap":{"0":{"name":"(anonymous_0)","decl":{"start":{"line":2,"column":15},"end":{"line":2,"column":16}},"loc":{"start":{"line":2,"column":21},"end":{"line":7,"column":3}},"line":2},"1":{"name":"(anonymous_1)","decl":{"start":{"line":9,"column":16},"end":{"line":9,"column":17}},"loc":{"start":{"line":9,"column":22},"end":{"line":15,"column":3}},"line":9}},"branchMap":{},"s":{"0":1,"1":5,"2":5,"3":5,"4":5,"5":5,"6":5,"7":5,"8":5,"9":5},"f":{"0":5,"1":5},"b":{},"_coverageSchema":"1a1c01bbd47fc00a2c39e90264f33305004495a9","hash":"4b223e432eae1b38b5cf7b24c46f44fc3a362ef8"}
,"C:\\Users\\norbe\\OneDrive\\Escritorio\\alquieler\\BankendAlquilerAutos\\src\\utils\\Response.js": {"path":"C:\\Users\\norbe\\OneDrive\\Escritorio\\alquieler\\BankendAlquilerAutos\\src\\utils\\Response.js","statementMap":{"0":{"start":{"line":1,"column":0},"end":{"line":5,"column":2}}},"fnMap":{},"branchMap":{},"s":{"0":1},"f":{},"b":{},"_coverageSchema":"1a1c01bbd47fc00a2c39e90264f33305004495a9","hash":"0d713f58f7cd31ca4d96231626ce2fa3ce5f2fce"}
}
