TN:
SF:src\controllers\RequestCallConstrollers.js
FN:7,RegistroRequestCall
FN:38,ListRequestCall
FN:60,EliminarRequestCall
FN:82,BuscarByEmailRequestCall
FNF:4
FNH:4
FNDA:1,RegistroRequestCall
FNDA:1,ListRequestCall
FNDA:1,EliminarRequestCall
FNDA:2,BuscarByEmailRequestCall
DA:1,1
DA:2,1
DA:3,1
DA:8,1
DA:10,1
DA:12,1
DA:20,1
DA:22,1
DA:27,0
DA:28,0
DA:39,1
DA:40,1
DA:41,1
DA:42,1
DA:43,1
DA:45,1
DA:49,0
DA:50,0
DA:51,0
DA:52,0
DA:54,0
DA:61,1
DA:62,1
DA:63,1
DA:64,1
DA:65,1
DA:67,1
DA:71,0
DA:72,0
DA:73,0
DA:74,0
DA:76,0
DA:83,2
DA:84,2
DA:85,2
DA:86,2
DA:87,1
DA:88,1
DA:89,1
DA:91,1
DA:92,1
DA:95,2
DA:99,0
DA:100,0
DA:101,0
DA:102,0
DA:104,0
DA:110,1
LF:48
LH:31
BRDA:86,0,0,1
BRDA:86,0,1,1
BRF:2
BRH:2
end_of_record
TN:
SF:src\models\RegistroRequestCall.js
FNF:0
FNH:0
DA:1,1
DA:2,1
DA:4,1
DA:24,1
LF:4
LH:4
BRF:0
BRH:0
end_of_record
TN:
SF:src\repository\RequestCallRepository.js
FN:3,(anonymous_0)
FN:11,(anonymous_1)
FN:19,(anonymous_2)
FN:27,(anonymous_3)
FNF:4
FNH:0
FNDA:0,(anonymous_0)
FNDA:0,(anonymous_1)
FNDA:0,(anonymous_2)
FNDA:0,(anonymous_3)
DA:1,1
DA:3,1
DA:4,0
DA:5,0
DA:7,0
DA:11,1
DA:12,0
DA:13,0
DA:15,0
DA:19,1
DA:20,0
DA:21,0
DA:23,0
DA:27,1
DA:28,0
DA:29,0
DA:31,0
LF:17
LH:5
BRF:0
BRH:0
end_of_record
TN:
SF:src\test\mocks\mocks.js
FN:2,(anonymous_0)
FN:9,(anonymous_1)
FNF:2
FNH:2
FNDA:5,(anonymous_0)
FNDA:5,(anonymous_1)
DA:1,1
DA:3,5
DA:4,5
DA:5,5
DA:6,5
DA:10,5
DA:11,5
DA:12,5
DA:13,5
DA:14,5
LF:10
LH:10
BRF:0
BRH:0
end_of_record
TN:
SF:src\utils\Response.js
FNF:0
FNH:0
DA:1,1
LF:1
LH:1
BRF:0
BRH:0
end_of_record
